# JRE version: OpenJDK Runtime Environment Temurin-17.0.7+7 (17.0.7+7) (build 17.0.7+7)
# Java VM: OpenJDK 64-Bit Server VM Temurin-17.0.7+7 (17.0.7+7, mixed mode, emulated-client, tiered, compressed oops, compressed class ptrs, g1 gc, windows-amd64)
GC Precious Log:
 CPUs: 4 total, 4 available
 Memory: 8066M
 Large Page Support: Disabled
 NUMA Support: Disabled
 Compressed Oops: Enabled (32-bit)
 Heap Region Size: 1M
 Heap Min Capacity: 8M
 Heap Initial Capacity: 128M
 Heap Max Capacity: 2018M
 Pre-touch: Disabled
 Parallel Workers: 4
 Concurrent Workers: 1
 Concurrent Refinement Workers: 4
 Periodic GC: Disabled
Heap:
 garbage-first heap   total 83968K, used 40985K [0x0000000081e00000, 0x0000000100000000)
  region size 1024K, 13 young (13312K), 5 survivors (5120K)
 Metaspace       used 72568K, committed 73024K, reserved 1114112K
  class space    used 9786K, committed 9984K, reserved 1048576K
GC Heap History (20 events):
Event: 4477.934 GC heap before
{Heap before GC invocations=65 (full 1):
 garbage-first heap   total 78848K, used 64532K [0x0000000081e00000, 0x0000000100000000)
  region size 1024K, 29 young (29696K), 2 survivors (2048K)
 Metaspace       used 72195K, committed 72640K, reserved 1114112K
  class space    used 9744K, committed 9920K, reserved 1048576K
}
Event: 4477.940 GC heap after
{Heap after GC invocations=66 (full 1):
 garbage-first heap   total 78848K, used 38028K [0x0000000081e00000, 0x0000000100000000)
  region size 1024K, 4 young (4096K), 4 survivors (4096K)
 Metaspace       used 72195K, committed 72640K, reserved 1114112K
  class space    used 9744K, committed 9920K, reserved 1048576K
}
Event: 4478.164 GC heap before
{Heap before GC invocations=67 (full 1):
 garbage-first heap   total 83968K, used 63628K [0x0000000081e00000, 0x0000000100000000)
  region size 1024K, 29 young (29696K), 4 survivors (4096K)
 Metaspace       used 72191K, committed 72640K, reserved 1114112K
  class space    used 9744K, committed 9920K, reserved 1048576K
}
Event: 4478.173 GC heap after
{Heap after GC invocations=68 (full 1):
 garbage-first heap   total 83968K, used 39606K [0x0000000081e00000, 0x0000000100000000)
  region size 1024K, 3 young (3072K), 3 survivors (3072K)
 Metaspace       used 72191K, committed 72640K, reserved 1114112K
  class space    used 9744K, committed 9920K, reserved 1048576K
}
Event: 4539.913 GC heap before
{Heap before GC invocations=68 (full 1):
 garbage-first heap   total 83968K, used 51894K [0x0000000081e00000, 0x0000000100000000)
  region size 1024K, 16 young (16384K), 3 survivors (3072K)
 Metaspace       used 72268K, committed 72768K, reserved 1114112K
  class space    used 9756K, committed 9984K, reserved 1048576K
}
Event: 4539.994 GC heap after
{Heap after GC invocations=69 (full 2):
 garbage-first heap   total 83968K, used 25833K [0x0000000081e00000, 0x0000000100000000)
  region size 1024K, 0 young (0K), 0 survivors (0K)
 Metaspace       used 72207K, committed 72768K, reserved 1114112K
  class space    used 9743K, committed 9984K, reserved 1048576K
}
Event: 4541.244 GC heap before
{Heap before GC invocations=69 (full 2):
 garbage-first heap   total 83968K, used 62697K [0x0000000081e00000, 0x0000000100000000)
  region size 1024K, 37 young (37888K), 0 survivors (0K)
 Metaspace       used 72211K, committed 72768K, reserved 1114112K
  class space    used 9744K, committed 9984K, reserved 1048576K
}
Event: 4541.247 GC heap after
{Heap after GC invocations=70 (full 2):
 garbage-first heap   total 83968K, used 27841K [0x0000000081e00000, 0x0000000100000000)
  region size 1024K, 2 young (2048K), 2 survivors (2048K)
 Metaspace       used 72211K, committed 72768K, reserved 1114112K
  class space    used 9744K, committed 9984K, reserved 1048576K
}
Event: 4541.567 GC heap before
{Heap before GC invocations=70 (full 2):
 garbage-first heap   total 83968K, used 64705K [0x0000000081e00000, 0x0000000100000000)
  region size 1024K, 38 young (38912K), 2 survivors (2048K)
 Metaspace       used 72211K, committed 72768K, reserved 1114112K
  class space    used 9744K, committed 9984K, reserved 1048576K
}
Event: 4541.569 GC heap after
{Heap after GC invocations=71 (full 2):
 garbage-first heap   total 83968K, used 28374K [0x0000000081e00000, 0x0000000100000000)
  region size 1024K, 3 young (3072K), 3 survivors (3072K)
 Metaspace       used 72211K, committed 72768K, reserved 1114112K
  class space    used 9744K, committed 9984K, reserved 1048576K
}
Event: 4541.896 GC heap before
{Heap before GC invocations=71 (full 2):
 garbage-first heap   total 83968K, used 65238K [0x0000000081e00000, 0x0000000100000000)
  region size 1024K, 39 young (39936K), 3 survivors (3072K)
 Metaspace       used 72211K, committed 72768K, reserved 1114112K
  class space    used 9744K, committed 9984K, reserved 1048576K
}
Event: 4541.899 GC heap after
{Heap after GC invocations=72 (full 2):
 garbage-first heap   total 83968K, used 28905K [0x0000000081e00000, 0x0000000100000000)
  region size 1024K, 3 young (3072K), 3 survivors (3072K)
 Metaspace       used 72211K, committed 72768K, reserved 1114112K
  class space    used 9744K, committed 9984K, reserved 1048576K
}
Event: 4542.642 GC heap before
{Heap before GC invocations=72 (full 2):
 garbage-first heap   total 83968K, used 66793K [0x0000000081e00000, 0x0000000100000000)
  region size 1024K, 40 young (40960K), 3 survivors (3072K)
 Metaspace       used 72211K, committed 72768K, reserved 1114112K
  class space    used 9744K, committed 9984K, reserved 1048576K
}
Event: 4542.646 GC heap after
{Heap after GC invocations=73 (full 2):
 garbage-first heap   total 83968K, used 29533K [0x0000000081e00000, 0x0000000100000000)
  region size 1024K, 2 young (2048K), 2 survivors (2048K)
 Metaspace       used 72211K, committed 72768K, reserved 1114112K
  class space    used 9744K, committed 9984K, reserved 1048576K
}
Event: 4544.007 GC heap before
{Heap before GC invocations=73 (full 2):
 garbage-first heap   total 83968K, used 67421K [0x0000000081e00000, 0x0000000100000000)
  region size 1024K, 39 young (39936K), 2 survivors (2048K)
 Metaspace       used 72276K, committed 72768K, reserved 1114112K
  class space    used 9756K, committed 9984K, reserved 1048576K
}
Event: 4544.011 GC heap after
{Heap after GC invocations=74 (full 2):
 garbage-first heap   total 83968K, used 31854K [0x0000000081e00000, 0x0000000100000000)
  region size 1024K, 5 young (5120K), 5 survivors (5120K)
 Metaspace       used 72276K, committed 72768K, reserved 1114112K
  class space    used 9756K, committed 9984K, reserved 1048576K
}
Event: 4544.400 GC heap before
{Heap before GC invocations=74 (full 2):
 garbage-first heap   total 83968K, used 66670K [0x0000000081e00000, 0x0000000100000000)
  region size 1024K, 39 young (39936K), 5 survivors (5120K)
 Metaspace       used 72354K, committed 72832K, reserved 1114112K
  class space    used 9765K, committed 9984K, reserved 1048576K
}
Event: 4544.404 GC heap after
{Heap after GC invocations=75 (full 2):
 garbage-first heap   total 83968K, used 32092K [0x0000000081e00000, 0x0000000100000000)
  region size 1024K, 3 young (3072K), 3 survivors (3072K)
 Metaspace       used 72354K, committed 72832K, reserved 1114112K
  class space    used 9765K, committed 9984K, reserved 1048576K
}
Event: 4545.041 GC heap before
{Heap before GC invocations=75 (full 2):
 garbage-first heap   total 83968K, used 66908K [0x0000000081e00000, 0x0000000100000000)
  region size 1024K, 37 young (37888K), 3 survivors (3072K)
 Metaspace       used 72445K, committed 72896K, reserved 1114112K
  class space    used 9777K, committed 9984K, reserved 1048576K
}
Event: 4545.047 GC heap after
{Heap after GC invocations=76 (full 2):
 garbage-first heap   total 83968K, used 33817K [0x0000000081e00000, 0x0000000100000000)
  region size 1024K, 5 young (5120K), 5 survivors (5120K)
 Metaspace       used 72445K, committed 72896K, reserved 1114112K
  class space    used 9777K, committed 9984K, reserved 1048576K
}

